[20:52:57] [main/INFO] (FabricLoader/GameProvider) Loading Minecraft 1.20.1 with Fabric Loader 0.18.4
[20:52:57] [main/INFO] (FabricLoader) Loading 62 mods:
	- amethyst_applications 1.0.0
	- architectury 9.2.14
	- fabric-api 0.92.7+1.20.1
	- fabric-api-base 0.4.32+1802ada577
	- fabric-api-lookup-api-v1 1.6.37+1802ada577
	- fabric-biome-api-v1 13.0.15+93aa238b77
	- fabric-block-api-v1 1.0.12+1802ada577
	- fabric-block-view-api-v2 1.0.3+924f046a77
	- fabric-blockrenderlayer-v1 1.1.42+1802ada577
	- fabric-client-tags-api-v1 1.1.3+1802ada577
	- fabric-command-api-v1 1.2.35+f71b366f77
	- fabric-command-api-v2 2.2.14+1802ada577
	- fabric-commands-v0 0.2.52+df3654b377
	- fabric-containers-v0 0.1.67+df3654b377
	- fabric-content-registries-v0 4.0.13+1802ada577
	- fabric-convention-tags-v1 1.5.6+1802ada577
	- fabric-crash-report-info-v1 0.2.20+1802ada577
	- fabric-data-attachment-api-v1 1.0.2+de0fd6d177
	- fabric-data-generation-api-v1 12.3.7+1802ada577
	- fabric-dimensions-v1 2.1.55+1802ada577
	- fabric-entity-events-v1 1.6.1+1c78457f77
	- fabric-events-interaction-v0 0.6.5+13a40c6677
	- fabric-events-lifecycle-v0 0.2.64+df3654b377
	- fabric-game-rule-api-v1 1.0.41+1802ada577
	- fabric-gametest-api-v1 1.2.15+1802ada577
	- fabric-item-api-v1 2.1.29+1802ada577
	- fabric-item-group-api-v1 4.0.14+1802ada577
	- fabric-key-binding-api-v1 1.0.38+1802ada577
	- fabric-keybindings-v0 0.2.36+df3654b377
	- fabric-language-kotlin 1.13.8+kotlin.2.3.0
	- fabric-lifecycle-events-v1 2.2.23+1802ada577
	- fabric-loot-api-v2 1.2.3+1802ada577
	- fabric-loot-tables-v1 1.1.47+9e7660c677
	- fabric-message-api-v1 5.1.10+1802ada577
	- fabric-mining-level-api-v1 2.1.52+1802ada577
	- fabric-model-loading-api-v1 1.0.4+1802ada577
	- fabric-models-v0 0.4.3+9386d8a777
	- fabric-networking-api-v1 1.3.14+a158aa0477
	- fabric-networking-v0 0.3.54+df3654b377
	- fabric-object-builder-api-v1 11.1.5+e35120df77
	- fabric-particles-v1 1.1.3+1802ada577
	- fabric-recipe-api-v1 1.0.24+1802ada577
	- fabric-registry-sync-v0 2.3.6+1802ada577
	- fabric-renderer-api-v1 3.2.2+1802ada577
	- fabric-renderer-indigo 1.5.3+85287f9f77
	- fabric-renderer-registries-v1 3.2.47+df3654b377
	- fabric-rendering-data-attachment-v1 0.3.39+92a0d36777
	- fabric-rendering-fluids-v1 3.0.29+1802ada577
	- fabric-rendering-v0 1.1.50+df3654b377
	- fabric-rendering-v1 3.0.9+1802ada577
	- fabric-resource-conditions-api-v1 2.3.9+1802ada577
	- fabric-resource-loader-v0 0.11.12+fb82e9d777
	- fabric-screen-api-v1 2.0.9+1802ada577
	- fabric-screen-handler-api-v1 1.3.33+1802ada577
	- fabric-sound-api-v1 1.0.14+1802ada577
	- fabric-transfer-api-v1 3.3.6+8dd72ea377
	- fabric-transitive-access-wideners-v1 4.3.2+1802ada577
	- fabricloader 0.18.4
	- generated_949c806 1.0.0
	- java 24
	- minecraft 1.20.1
	- mixinextras 0.5.0
[20:52:57] [main/INFO] (FabricLoader/Mixin) SpongePowered MIXIN Subsystem Version=0.8.7 Source=file:/Users/kasenengel/.gradle/caches/modules-2/files-2.1/net.fabricmc/sponge-mixin/0.17.0+mixin.0.8.7/cf31463202f72d03b0ef1e1e38e8ee71b7faaab6/sponge-mixin-0.17.0+mixin.0.8.7.jar Service=Knot/Fabric Env=CLIENT
[20:52:57] [main/INFO] (FabricLoader/Mixin) Loaded Fabric development mappings for mixin remapper!
[20:52:57] [main/INFO] (FabricLoader/Mixin) Compatibility level set to JAVA_17
[20:52:58] [main/INFO] (FabricLoader/MixinExtras|Service) Initializing MixinExtras via com.llamalad7.mixinextras.service.MixinExtrasServiceImpl(version=0.5.0).
[20:52:58] [main/WARN] (SysctlUtil) Failed sysctl call: hw.cpufrequency, Error code: 2
[20:52:59] [Datafixer Bootstrap/INFO] (Minecraft) 188 Datafixer optimizations took 50 milliseconds
[20:53:00] [Render thread/INFO] (Minecraft) Environment: authHost='https://authserver.mojang.com', accountsHost='https://api.mojang.com', sessionHost='https://sessionserver.mojang.com', servicesHost='https://api.minecraftservices.com', name='PROD'
[20:53:00] [Render thread/ERROR] (Minecraft) Failed to verify authentication
com.mojang.authlib.exceptions.InvalidCredentialsException: Status: 401
	at com.mojang.authlib.exceptions.MinecraftClientHttpException.toAuthenticationException(MinecraftClientHttpException.java:56) ~[authlib-4.0.43.jar:?]
	at com.mojang.authlib.yggdrasil.YggdrasilUserApiService.fetchProperties(YggdrasilUserApiService.java:156) ~[authlib-4.0.43.jar:?]
	at com.mojang.authlib.yggdrasil.YggdrasilUserApiService.<init>(YggdrasilUserApiService.java:55) ~[authlib-4.0.43.jar:?]
	at com.mojang.authlib.yggdrasil.YggdrasilAuthenticationService.createUserApiService(YggdrasilAuthenticationService.java:124) ~[authlib-4.0.43.jar:?]
	at net.minecraft.client.Minecraft.createUserApiService(Minecraft.java:733) ~[minecraft-merged-bf575f6df2-1.20.1-loom.mappings.1_20_1.layered+hash.40359-v2.jar:?]
	at net.minecraft.client.Minecraft.<init>(Minecraft.java:442) ~[minecraft-merged-bf575f6df2-1.20.1-loom.mappings.1_20_1.layered+hash.40359-v2.jar:?]
	at net.minecraft.client.main.Main.main(Main.java:211) ~[minecraft-merged-bf575f6df2-1.20.1-loom.mappings.1_20_1.layered+hash.40359-v2.jar:?]
	at net.fabricmc.loader.impl.game.minecraft.MinecraftGameProvider.launch(MinecraftGameProvider.java:514) ~[fabric-loader-0.18.4.jar:?]
	at net.fabricmc.loader.impl.launch.knot.Knot.launch(Knot.java:72) ~[fabric-loader-0.18.4.jar:?]
	at net.fabricmc.loader.impl.launch.knot.KnotClient.main(KnotClient.java:23) ~[fabric-loader-0.18.4.jar:?]
	at net.fabricmc.devlaunchinjector.Main.main(Main.java:86) ~[dev-launch-injector-0.2.1+build.8.jar:?]
	at dev.architectury.transformer.TransformerRuntime.main(TransformerRuntime.java:220) ~[architectury-transformer-5.2.87-runtime.jar:?]
Caused by: com.mojang.authlib.exceptions.MinecraftClientHttpException: Status: 401
	at com.mojang.authlib.minecraft.client.MinecraftClient.readInputStream(MinecraftClient.java:85) ~[authlib-4.0.43.jar:?]
	at com.mojang.authlib.minecraft.client.MinecraftClient.get(MinecraftClient.java:48) ~[authlib-4.0.43.jar:?]
	at com.mojang.authlib.yggdrasil.YggdrasilUserApiService.fetchProperties(YggdrasilUserApiService.java:129) ~[authlib-4.0.43.jar:?]
	... 10 more
[20:53:00] [Render thread/INFO] (Minecraft) Setting user: Player749
[20:53:01] [Render thread/INFO] (Main) Hello Amethyst (Fabric!) :) Loading things now...
[20:53:01] [Render thread/INFO] (Indigo) [Indigo] Registering Indigo renderer!
[20:53:01] [Render thread/INFO] (NetworkManagerImpl) Registering S2C receiver with id architectury:spawn_entity_packet
[20:53:01] [Render thread/INFO] (Minecraft) Backend library: LWJGL version 3.3.2-snapshot
[20:53:01] [Render thread/INFO] (Minecraft) [STDERR]: [LWJGL] [ThreadLocalUtil] Unsupported JNI version detected, this may result in a crash. Please inform LWJGL developers.
[20:53:01] [Render thread/WARN] (SysctlUtil) Failed sysctl call: hw.cpufrequency, Error code: 2
[20:53:02] [Render thread/INFO] (Minecraft) Reloading ResourceManager: vanilla, fabric (fabric-sound-api-v1, fabric-commands-v0, fabric-registry-sync-v0, fabric-item-api-v1, fabric-message-api-v1, fabric-object-builder-api-v1, fabric-gametest-api-v1, fabric-transitive-access-wideners-v1, fabric-particles-v1, fabric-data-generation-api-v1, fabric-block-view-api-v2, fabric-entity-events-v1, fabric-command-api-v2, fabric-model-loading-api-v1, fabric-command-api-v1, fabric-resource-loader-v0, fabric-game-rule-api-v1, fabric-rendering-fluids-v1, fabric-containers-v0, fabricloader, fabric-item-group-api-v1, fabric-screen-api-v1, fabric-crash-report-info-v1, fabric-models-v0, fabric-language-kotlin, fabric-api-base, fabric-renderer-registries-v1, fabric-lifecycle-events-v1, fabric-data-attachment-api-v1, fabric-rendering-data-attachment-v1, fabric-dimensions-v1, fabric-client-tags-api-v1, fabric-rendering-v1, fabric-renderer-indigo, fabric-api, fabric-transfer-api-v1, fabric-recipe-api-v1, fabric-networking-api-v1, fabric-rendering-v0, fabric-events-interaction-v0, fabric-resource-conditions-api-v1, fabric-renderer-api-v1, fabric-block-api-v1, fabric-events-lifecycle-v0, fabric-blockrenderlayer-v1, fabric-convention-tags-v1, fabric-content-registries-v0, fabric-loot-tables-v1, fabric-loot-api-v2, fabric-networking-v0, fabric-keybindings-v0, fabric-mining-level-api-v1, fabric-biome-api-v1, fabric-api-lookup-api-v1, fabric-key-binding-api-v1, fabric-screen-handler-api-v1)
[20:53:02] [Worker-Main-6/INFO] (Minecraft) Found unifont_all_no_pua-15.0.06.hex, loading
[20:53:03] [Worker-Main-5/WARN] (Minecraft) Exception loading blockstate definition: 'amethyst_applications:blockstates/crystal_glass.json' missing model for variant: 'amethyst_applications:crystal_glass#'
[20:53:03] [Worker-Main-5/WARN] (Minecraft) Unable to load model: 'amethyst_applications:obsidian_powder#inventory' referenced from: amethyst_applications:obsidian_powder#inventory: java.io.FileNotFoundException: amethyst_applications:models/item/obsidian_powder.json
[20:53:03] [Worker-Main-5/WARN] (Minecraft) Unable to load model: 'amethyst_applications:crystal_glass#inventory' referenced from: amethyst_applications:crystal_glass#inventory: java.io.FileNotFoundException: amethyst_applications:models/item/crystal_glass.json
[20:53:03] [Render thread/WARN] (Minecraft) Missing sound for event: minecraft:item.goat_horn.play
[20:53:03] [Render thread/WARN] (Minecraft) Missing sound for event: minecraft:entity.goat.screaming.horn_break
[20:53:03] [Render thread/INFO] (Minecraft) OpenAL initialized on device MacBook Air Speakers
[20:53:03] [Render thread/INFO] (Minecraft) Sound engine started
[20:53:04] [Render thread/INFO] (Minecraft) Created: 1024x512x4 minecraft:textures/atlas/blocks.png-atlas
[20:53:04] [Render thread/INFO] (Minecraft) Created: 256x256x4 minecraft:textures/atlas/signs.png-atlas
[20:53:04] [Render thread/INFO] (Minecraft) Created: 512x512x4 minecraft:textures/atlas/shield_patterns.png-atlas
[20:53:04] [Render thread/INFO] (Minecraft) Created: 512x512x4 minecraft:textures/atlas/banner_patterns.png-atlas
[20:53:04] [Render thread/INFO] (Minecraft) Created: 1024x1024x4 minecraft:textures/atlas/armor_trims.png-atlas
[20:53:04] [Render thread/INFO] (Minecraft) Created: 128x64x4 minecraft:textures/atlas/decorated_pot.png-atlas
[20:53:04] [Render thread/INFO] (Minecraft) Created: 256x256x4 minecraft:textures/atlas/chest.png-atlas
[20:53:04] [Render thread/INFO] (Minecraft) Created: 512x256x4 minecraft:textures/atlas/shulker_boxes.png-atlas
[20:53:04] [Render thread/INFO] (Minecraft) Created: 512x256x4 minecraft:textures/atlas/beds.png-atlas
[20:53:04] [Render thread/WARN] (Minecraft) Shader rendertype_entity_translucent_emissive could not find sampler named Sampler2 in the specified shader program.
[20:53:04] [Render thread/INFO] (Minecraft) Created: 256x256x0 minecraft:textures/atlas/particles.png-atlas
[20:53:04] [Render thread/INFO] (Minecraft) Created: 256x256x0 minecraft:textures/atlas/paintings.png-atlas
[20:53:04] [Render thread/INFO] (Minecraft) Created: 128x128x0 minecraft:textures/atlas/mob_effects.png-atlas
[20:53:09] [Realms Notification Availability checker #1/INFO] (Minecraft) Could not authorize you against Realms server: java.lang.RuntimeException: Failed to parse into SignedJWT: FabricMC
[20:53:11] [Render thread/ERROR] (Minecraft) Parsing error loading recipe amethyst_applications:compat/create/obsidian_powder_crushing
com.google.gson.JsonSyntaxException: Invalid or unsupported recipe type 'create:crushing'
	at net.minecraft.world.item.crafting.RecipeManager.method_17875(RecipeManager.java:134) ~[minecraft-merged-bf575f6df2-1.20.1-loom.mappings.1_20_1.layered+hash.40359-v2.jar:?]
	at java.util.Optional.orElseThrow(Optional.java:403) ~[?:?]
	at net.minecraft.world.item.crafting.RecipeManager.fromJson(RecipeManager.java:134) ~[minecraft-merged-bf575f6df2-1.20.1-loom.mappings.1_20_1.layered+hash.40359-v2.jar:?]
	at net.minecraft.world.item.crafting.RecipeManager.apply(RecipeManager.java:56) ~[minecraft-merged-bf575f6df2-1.20.1-loom.mappings.1_20_1.layered+hash.40359-v2.jar:?]
	at net.minecraft.world.item.crafting.RecipeManager.apply(RecipeManager.java:35) ~[minecraft-merged-bf575f6df2-1.20.1-loom.mappings.1_20_1.layered+hash.40359-v2.jar:?]
	at net.minecraft.server.packs.resources.SimplePreparableReloadListener.method_18790(SimplePreparableReloadListener.java:13) ~[minecraft-merged-bf575f6df2-1.20.1-loom.mappings.1_20_1.layered+hash.40359-v2.jar:?]
	at java.util.concurrent.CompletableFuture$UniAccept.tryFire(CompletableFuture.java:764) ~[?:?]
	at java.util.concurrent.CompletableFuture$Completion.run(CompletableFuture.java:528) ~[?:?]
	at net.minecraft.server.packs.resources.SimpleReloadInstance.method_18365(SimpleReloadInstance.java:69) ~[minecraft-merged-bf575f6df2-1.20.1-loom.mappings.1_20_1.layered+hash.40359-v2.jar:?]
	at net.minecraft.util.thread.BlockableEventLoop.doRunTask(BlockableEventLoop.java:156) ~[minecraft-merged-bf575f6df2-1.20.1-loom.mappings.1_20_1.layered+hash.40359-v2.jar:?]
	at net.minecraft.util.thread.ReentrantBlockableEventLoop.doRunTask(ReentrantBlockableEventLoop.java:23) ~[minecraft-merged-bf575f6df2-1.20.1-loom.mappings.1_20_1.layered+hash.40359-v2.jar:?]
	at net.minecraft.util.thread.BlockableEventLoop.pollTask(BlockableEventLoop.java:130) ~[minecraft-merged-bf575f6df2-1.20.1-loom.mappings.1_20_1.layered+hash.40359-v2.jar:?]
	at net.minecraft.util.thread.BlockableEventLoop.managedBlock(BlockableEventLoop.java:139) ~[minecraft-merged-bf575f6df2-1.20.1-loom.mappings.1_20_1.layered+hash.40359-v2.jar:?]
	at net.minecraft.client.gui.screens.worldselection.CreateWorldScreen.openFresh(CreateWorldScreen.java:352) ~[minecraft-merged-bf575f6df2-1.20.1-loom.mappings.1_20_1.layered+hash.40359-v2.jar:?]
	at net.minecraft.client.gui.screens.worldselection.WorldSelectionList.loadLevels(WorldSelectionList.java:169) ~[minecraft-merged-bf575f6df2-1.20.1-loom.mappings.1_20_1.layered+hash.40359-v2.jar:?]
	at net.minecraft.client.gui.screens.worldselection.WorldSelectionList.<init>(WorldSelectionList.java:95) ~[minecraft-merged-bf575f6df2-1.20.1-loom.mappings.1_20_1.layered+hash.40359-v2.jar:?]
	at net.minecraft.client.gui.screens.worldselection.SelectWorldScreen.init(SelectWorldScreen.java:54) ~[minecraft-merged-bf575f6df2-1.20.1-loom.mappings.1_20_1.layered+hash.40359-v2.jar:?]
	at net.minecraft.client.gui.screens.Screen.init(Screen.java:297) ~[minecraft-merged-bf575f6df2-1.20.1-loom.mappings.1_20_1.layered+hash.40359-v2.jar:?]
	at net.minecraft.client.Minecraft.setScreen(Minecraft.java:1080) ~[minecraft-merged-bf575f6df2-1.20.1-loom.mappings.1_20_1.layered+hash.40359-v2.jar:?]
	at net.minecraft.client.gui.screens.TitleScreen.method_19861(TitleScreen.java:159) ~[minecraft-merged-bf575f6df2-1.20.1-loom.mappings.1_20_1.layered+hash.40359-v2.jar:?]
	at net.minecraft.client.gui.components.Button.onPress(Button.java:94) ~[minecraft-merged-bf575f6df2-1.20.1-loom.mappings.1_20_1.layered+hash.40359-v2.jar:?]
	at net.minecraft.client.gui.components.AbstractButton.onClick(AbstractButton.java:56) ~[minecraft-merged-bf575f6df2-1.20.1-loom.mappings.1_20_1.layered+hash.40359-v2.jar:?]
	at net.minecraft.client.gui.components.AbstractWidget.mouseClicked(AbstractWidget.java:189) ~[minecraft-merged-bf575f6df2-1.20.1-loom.mappings.1_20_1.layered+hash.40359-v2.jar:?]
	at net.minecraft.client.gui.components.events.ContainerEventHandler.mouseClicked(ContainerEventHandler.java:38) ~[minecraft-merged-bf575f6df2-1.20.1-loom.mappings.1_20_1.layered+hash.40359-v2.jar:?]
	at net.minecraft.client.gui.screens.TitleScreen.mouseClicked(TitleScreen.java:299) ~[minecraft-merged-bf575f6df2-1.20.1-loom.mappings.1_20_1.layered+hash.40359-v2.jar:?]
	at net.minecraft.client.MouseHandler.method_1611(MouseHandler.java:98) ~[minecraft-merged-bf575f6df2-1.20.1-loom.mappings.1_20_1.layered+hash.40359-v2.jar:?]
	at net.minecraft.client.gui.screens.Screen.wrapScreenError(Screen.java:409) ~[minecraft-merged-bf575f6df2-1.20.1-loom.mappings.1_20_1.layered+hash.40359-v2.jar:?]
	at net.minecraft.client.MouseHandler.onPress(MouseHandler.java:98) ~[minecraft-merged-bf575f6df2-1.20.1-loom.mappings.1_20_1.layered+hash.40359-v2.jar:?]
	at net.minecraft.client.MouseHandler.method_22686(MouseHandler.java:169) ~[minecraft-merged-bf575f6df2-1.20.1-loom.mappings.1_20_1.layered+hash.40359-v2.jar:?]
	at net.minecraft.util.thread.BlockableEventLoop.execute(BlockableEventLoop.java:102) ~[minecraft-merged-bf575f6df2-1.20.1-loom.mappings.1_20_1.layered+hash.40359-v2.jar:?]
	at net.minecraft.client.MouseHandler.method_22684(MouseHandler.java:169) ~[minecraft-merged-bf575f6df2-1.20.1-loom.mappings.1_20_1.layered+hash.40359-v2.jar:?]
	at org.lwjgl.glfw.GLFWMouseButtonCallbackI.callback(GLFWMouseButtonCallbackI.java:43) ~[lwjgl-glfw-3.3.2.jar:build 13]
	at org.lwjgl.system.JNI.invokeV(Native Method) ~[lwjgl-3.3.2.jar:build 13]
	at org.lwjgl.glfw.GLFW.glfwPollEvents(GLFW.java:3438) ~[lwjgl-glfw-3.3.2.jar:build 13]
	at com.mojang.blaze3d.systems.RenderSystem.pollEvents(RenderSystem.java:201) ~[minecraft-merged-bf575f6df2-1.20.1-loom.mappings.1_20_1.layered+hash.40359-v2.jar:?]
	at com.mojang.blaze3d.systems.RenderSystem.flipFrame(RenderSystem.java:219) ~[minecraft-merged-bf575f6df2-1.20.1-loom.mappings.1_20_1.layered+hash.40359-v2.jar:?]
	at com.mojang.blaze3d.platform.Window.updateDisplay(Window.java:288) ~[minecraft-merged-bf575f6df2-1.20.1-loom.mappings.1_20_1.layered+hash.40359-v2.jar:?]
	at net.minecraft.client.Minecraft.runTick(Minecraft.java:1241) ~[minecraft-merged-bf575f6df2-1.20.1-loom.mappings.1_20_1.layered+hash.40359-v2.jar:?]
	at net.minecraft.client.Minecraft.run(Minecraft.java:802) ~[minecraft-merged-bf575f6df2-1.20.1-loom.mappings.1_20_1.layered+hash.40359-v2.jar:?]
	at net.minecraft.client.main.Main.main(Main.java:250) ~[minecraft-merged-bf575f6df2-1.20.1-loom.mappings.1_20_1.layered+hash.40359-v2.jar:?]
	at net.fabricmc.loader.impl.game.minecraft.MinecraftGameProvider.launch(MinecraftGameProvider.java:514) ~[fabric-loader-0.18.4.jar:?]
	at net.fabricmc.loader.impl.launch.knot.Knot.launch(Knot.java:72) ~[fabric-loader-0.18.4.jar:?]
	at net.fabricmc.loader.impl.launch.knot.KnotClient.main(KnotClient.java:23) ~[fabric-loader-0.18.4.jar:?]
	at net.fabricmc.devlaunchinjector.Main.main(Main.java:86) ~[dev-launch-injector-0.2.1+build.8.jar:?]
	at dev.architectury.transformer.TransformerRuntime.main(TransformerRuntime.java:220) ~[architectury-transformer-5.2.87-runtime.jar:?]
[20:53:11] [Render thread/ERROR] (Minecraft) Parsing error loading recipe amethyst_applications:compat/create/crystal_glass_mixing
com.google.gson.JsonSyntaxException: Invalid or unsupported recipe type 'create:mixing'
	at net.minecraft.world.item.crafting.RecipeManager.method_17875(RecipeManager.java:134) ~[minecraft-merged-bf575f6df2-1.20.1-loom.mappings.1_20_1.layered+hash.40359-v2.jar:?]
	at java.util.Optional.orElseThrow(Optional.java:403) ~[?:?]
	at net.minecraft.world.item.crafting.RecipeManager.fromJson(RecipeManager.java:134) ~[minecraft-merged-bf575f6df2-1.20.1-loom.mappings.1_20_1.layered+hash.40359-v2.jar:?]
	at net.minecraft.world.item.crafting.RecipeManager.apply(RecipeManager.java:56) ~[minecraft-merged-bf575f6df2-1.20.1-loom.mappings.1_20_1.layered+hash.40359-v2.jar:?]
	at net.minecraft.world.item.crafting.RecipeManager.apply(RecipeManager.java:35) ~[minecraft-merged-bf575f6df2-1.20.1-loom.mappings.1_20_1.layered+hash.40359-v2.jar:?]
	at net.minecraft.server.packs.resources.SimplePreparableReloadListener.method_18790(SimplePreparableReloadListener.java:13) ~[minecraft-merged-bf575f6df2-1.20.1-loom.mappings.1_20_1.layered+hash.40359-v2.jar:?]
	at java.util.concurrent.CompletableFuture$UniAccept.tryFire(CompletableFuture.java:764) ~[?:?]
	at java.util.concurrent.CompletableFuture$Completion.run(CompletableFuture.java:528) ~[?:?]
	at net.minecraft.server.packs.resources.SimpleReloadInstance.method_18365(SimpleReloadInstance.java:69) ~[minecraft-merged-bf575f6df2-1.20.1-loom.mappings.1_20_1.layered+hash.40359-v2.jar:?]
	at net.minecraft.util.thread.BlockableEventLoop.doRunTask(BlockableEventLoop.java:156) ~[minecraft-merged-bf575f6df2-1.20.1-loom.mappings.1_20_1.layered+hash.40359-v2.jar:?]
	at net.minecraft.util.thread.ReentrantBlockableEventLoop.doRunTask(ReentrantBlockableEventLoop.java:23) ~[minecraft-merged-bf575f6df2-1.20.1-loom.mappings.1_20_1.layered+hash.40359-v2.jar:?]
	at net.minecraft.util.thread.BlockableEventLoop.pollTask(BlockableEventLoop.java:130) ~[minecraft-merged-bf575f6df2-1.20.1-loom.mappings.1_20_1.layered+hash.40359-v2.jar:?]
	at net.minecraft.util.thread.BlockableEventLoop.managedBlock(BlockableEventLoop.java:139) ~[minecraft-merged-bf575f6df2-1.20.1-loom.mappings.1_20_1.layered+hash.40359-v2.jar:?]
	at net.minecraft.client.gui.screens.worldselection.CreateWorldScreen.openFresh(CreateWorldScreen.java:352) ~[minecraft-merged-bf575f6df2-1.20.1-loom.mappings.1_20_1.layered+hash.40359-v2.jar:?]
	at net.minecraft.client.gui.screens.worldselection.WorldSelectionList.loadLevels(WorldSelectionList.java:169) ~[minecraft-merged-bf575f6df2-1.20.1-loom.mappings.1_20_1.layered+hash.40359-v2.jar:?]
	at net.minecraft.client.gui.screens.worldselection.WorldSelectionList.<init>(WorldSelectionList.java:95) ~[minecraft-merged-bf575f6df2-1.20.1-loom.mappings.1_20_1.layered+hash.40359-v2.jar:?]
	at net.minecraft.client.gui.screens.worldselection.SelectWorldScreen.init(SelectWorldScreen.java:54) ~[minecraft-merged-bf575f6df2-1.20.1-loom.mappings.1_20_1.layered+hash.40359-v2.jar:?]
	at net.minecraft.client.gui.screens.Screen.init(Screen.java:297) ~[minecraft-merged-bf575f6df2-1.20.1-loom.mappings.1_20_1.layered+hash.40359-v2.jar:?]
	at net.minecraft.client.Minecraft.setScreen(Minecraft.java:1080) ~[minecraft-merged-bf575f6df2-1.20.1-loom.mappings.1_20_1.layered+hash.40359-v2.jar:?]
	at net.minecraft.client.gui.screens.TitleScreen.method_19861(TitleScreen.java:159) ~[minecraft-merged-bf575f6df2-1.20.1-loom.mappings.1_20_1.layered+hash.40359-v2.jar:?]
	at net.minecraft.client.gui.components.Button.onPress(Button.java:94) ~[minecraft-merged-bf575f6df2-1.20.1-loom.mappings.1_20_1.layered+hash.40359-v2.jar:?]
	at net.minecraft.client.gui.components.AbstractButton.onClick(AbstractButton.java:56) ~[minecraft-merged-bf575f6df2-1.20.1-loom.mappings.1_20_1.layered+hash.40359-v2.jar:?]
	at net.minecraft.client.gui.components.AbstractWidget.mouseClicked(AbstractWidget.java:189) ~[minecraft-merged-bf575f6df2-1.20.1-loom.mappings.1_20_1.layered+hash.40359-v2.jar:?]
	at net.minecraft.client.gui.components.events.ContainerEventHandler.mouseClicked(ContainerEventHandler.java:38) ~[minecraft-merged-bf575f6df2-1.20.1-loom.mappings.1_20_1.layered+hash.40359-v2.jar:?]
	at net.minecraft.client.gui.screens.TitleScreen.mouseClicked(TitleScreen.java:299) ~[minecraft-merged-bf575f6df2-1.20.1-loom.mappings.1_20_1.layered+hash.40359-v2.jar:?]
	at net.minecraft.client.MouseHandler.method_1611(MouseHandler.java:98) ~[minecraft-merged-bf575f6df2-1.20.1-loom.mappings.1_20_1.layered+hash.40359-v2.jar:?]
	at net.minecraft.client.gui.screens.Screen.wrapScreenError(Screen.java:409) ~[minecraft-merged-bf575f6df2-1.20.1-loom.mappings.1_20_1.layered+hash.40359-v2.jar:?]
	at net.minecraft.client.MouseHandler.onPress(MouseHandler.java:98) ~[minecraft-merged-bf575f6df2-1.20.1-loom.mappings.1_20_1.layered+hash.40359-v2.jar:?]
	at net.minecraft.client.MouseHandler.method_22686(MouseHandler.java:169) ~[minecraft-merged-bf575f6df2-1.20.1-loom.mappings.1_20_1.layered+hash.40359-v2.jar:?]
	at net.minecraft.util.thread.BlockableEventLoop.execute(BlockableEventLoop.java:102) ~[minecraft-merged-bf575f6df2-1.20.1-loom.mappings.1_20_1.layered+hash.40359-v2.jar:?]
	at net.minecraft.client.MouseHandler.method_22684(MouseHandler.java:169) ~[minecraft-merged-bf575f6df2-1.20.1-loom.mappings.1_20_1.layered+hash.40359-v2.jar:?]
	at org.lwjgl.glfw.GLFWMouseButtonCallbackI.callback(GLFWMouseButtonCallbackI.java:43) ~[lwjgl-glfw-3.3.2.jar:build 13]
	at org.lwjgl.system.JNI.invokeV(Native Method) ~[lwjgl-3.3.2.jar:build 13]
	at org.lwjgl.glfw.GLFW.glfwPollEvents(GLFW.java:3438) ~[lwjgl-glfw-3.3.2.jar:build 13]
	at com.mojang.blaze3d.systems.RenderSystem.pollEvents(RenderSystem.java:201) ~[minecraft-merged-bf575f6df2-1.20.1-loom.mappings.1_20_1.layered+hash.40359-v2.jar:?]
	at com.mojang.blaze3d.systems.RenderSystem.flipFrame(RenderSystem.java:219) ~[minecraft-merged-bf575f6df2-1.20.1-loom.mappings.1_20_1.layered+hash.40359-v2.jar:?]
	at com.mojang.blaze3d.platform.Window.updateDisplay(Window.java:288) ~[minecraft-merged-bf575f6df2-1.20.1-loom.mappings.1_20_1.layered+hash.40359-v2.jar:?]
	at net.minecraft.client.Minecraft.runTick(Minecraft.java:1241) ~[minecraft-merged-bf575f6df2-1.20.1-loom.mappings.1_20_1.layered+hash.40359-v2.jar:?]
	at net.minecraft.client.Minecraft.run(Minecraft.java:802) ~[minecraft-merged-bf575f6df2-1.20.1-loom.mappings.1_20_1.layered+hash.40359-v2.jar:?]
	at net.minecraft.client.main.Main.main(Main.java:250) ~[minecraft-merged-bf575f6df2-1.20.1-loom.mappings.1_20_1.layered+hash.40359-v2.jar:?]
	at net.fabricmc.loader.impl.game.minecraft.MinecraftGameProvider.launch(MinecraftGameProvider.java:514) ~[fabric-loader-0.18.4.jar:?]
	at net.fabricmc.loader.impl.launch.knot.Knot.launch(Knot.java:72) ~[fabric-loader-0.18.4.jar:?]
	at net.fabricmc.loader.impl.launch.knot.KnotClient.main(KnotClient.java:23) ~[fabric-loader-0.18.4.jar:?]
	at net.fabricmc.devlaunchinjector.Main.main(Main.java:86) ~[dev-launch-injector-0.2.1+build.8.jar:?]
	at dev.architectury.transformer.TransformerRuntime.main(TransformerRuntime.java:220) ~[architectury-transformer-5.2.87-runtime.jar:?]
[20:53:11] [Render thread/INFO] (Minecraft) Loaded 7 recipes
[20:53:11] [Render thread/INFO] (Minecraft) Loaded 1271 advancements
[20:53:14] [Render thread/INFO] (BiomeModificationImpl) Applied 0 biome modifications to 0 of 64 new biomes in 594.0 μs
[20:53:14] [Server thread/INFO] (Minecraft) Starting integrated minecraft server version 1.20.1
[20:53:14] [Server thread/INFO] (Minecraft) Generating keypair
[20:53:17] [Server thread/INFO] (Minecraft) Preparing start region for dimension minecraft:overworld
[20:53:18] [Render thread/INFO] (Minecraft) Preparing spawn area: 0%
[20:53:18] [Render thread/INFO] (Minecraft) Preparing spawn area: 0%
[20:53:18] [Render thread/INFO] (Minecraft) Preparing spawn area: 0%
[20:53:19] [Render thread/INFO] (Minecraft) Preparing spawn area: 2%
[20:53:19] [Render thread/INFO] (Minecraft) Preparing spawn area: 3%
[20:53:20] [Render thread/INFO] (Minecraft) Preparing spawn area: 5%
[20:53:20] [Render thread/INFO] (Minecraft) Preparing spawn area: 9%
[20:53:21] [Render thread/INFO] (Minecraft) Preparing spawn area: 13%
[20:53:21] [Render thread/INFO] (Minecraft) Preparing spawn area: 17%
[20:53:22] [Render thread/INFO] (Minecraft) Preparing spawn area: 22%
[20:53:22] [Render thread/INFO] (Minecraft) Preparing spawn area: 27%
[20:53:23] [Render thread/INFO] (Minecraft) Preparing spawn area: 32%
[20:53:23] [Render thread/INFO] (Minecraft) Preparing spawn area: 38%
[20:53:24] [Render thread/INFO] (Minecraft) Preparing spawn area: 44%
[20:53:24] [Render thread/INFO] (Minecraft) Preparing spawn area: 51%
[20:53:25] [Render thread/INFO] (Minecraft) Preparing spawn area: 56%
[20:53:25] [Render thread/INFO] (Minecraft) Preparing spawn area: 64%
[20:53:26] [Render thread/INFO] (Minecraft) Preparing spawn area: 70%
[20:53:26] [Render thread/INFO] (Minecraft) Preparing spawn area: 76%
[20:53:27] [Render thread/INFO] (Minecraft) Preparing spawn area: 83%
[20:53:27] [Render thread/INFO] (Minecraft) Preparing spawn area: 88%
[20:53:28] [Render thread/INFO] (Minecraft) Preparing spawn area: 96%
[20:53:28] [Render thread/INFO] (Minecraft) Time elapsed: 10648 ms
[20:53:28] [Server thread/INFO] (Minecraft) Changing view distance to 12, from 10
[20:53:28] [Server thread/INFO] (Minecraft) Changing simulation distance to 12, from 0
[20:53:28] [Server thread/INFO] (Minecraft) Player749[local:E:10b8aa9a] logged in with entity id 224 at (-7.5, 129.0, 5.5)
[20:53:28] [Server thread/INFO] (Minecraft) Player749 joined the game
[20:53:29] [Render thread/INFO] (Minecraft) Loaded 2 advancements
[20:53:41] [Server thread/INFO] (Minecraft) [Player749: Gave 1 [block.amethyst_applications.crystal_glass] to Player749]
[20:53:41] [Render thread/INFO] (Minecraft) [System] [CHAT] Gave 1 [block.amethyst_applications.crystal_glass] to Player749
[20:53:48] [Server thread/INFO] (Minecraft) [Player749: Gave 1 [item.amethyst_applications.obsidian_powder] to Player749]
[20:53:48] [Render thread/INFO] (Minecraft) [System] [CHAT] Gave 1 [item.amethyst_applications.obsidian_powder] to Player749
[20:53:55] [Render thread/INFO] (Minecraft) Loaded 6 advancements
[20:53:58] [Render thread/INFO] (Minecraft) Loaded 24 advancements
[20:54:04] [Render thread/INFO] (Minecraft) Loaded 27 advancements
[20:54:38] [Server thread/INFO] (Minecraft) [Player749: Gave 4 [item.amethyst_applications.obsidian_powder] to Player749]
[20:54:38] [Render thread/INFO] (Minecraft) [System] [CHAT] Gave 4 [item.amethyst_applications.obsidian_powder] to Player749
[20:55:13] [Render thread/INFO] (Minecraft) Stopping!
[20:55:13] [Server thread/INFO] (Minecraft) Player749 lost connection: Disconnected
[20:55:13] [Server thread/INFO] (Minecraft) Player749 left the game
[20:55:13] [Server thread/INFO] (Minecraft) Stopping singleplayer server as player logged out
[20:55:13] [Server thread/INFO] (Minecraft) Stopping server
[20:55:13] [Server thread/INFO] (Minecraft) Saving players
[20:55:13] [Server thread/INFO] (Minecraft) Saving worlds
[20:55:13] [Server thread/INFO] (Minecraft) Saving chunks for level 'ServerLevel[New World]'/minecraft:overworld
[20:55:13] [Server thread/INFO] (Minecraft) Saving chunks for level 'ServerLevel[New World]'/minecraft:the_end
[20:55:13] [Server thread/INFO] (Minecraft) Saving chunks for level 'ServerLevel[New World]'/minecraft:the_nether
[20:55:13] [Server thread/INFO] (Minecraft) ThreadedAnvilChunkStorage (New World): All chunks are saved
[20:55:13] [Server thread/INFO] (Minecraft) ThreadedAnvilChunkStorage (DIM1): All chunks are saved
[20:55:13] [Server thread/INFO] (Minecraft) ThreadedAnvilChunkStorage (DIM-1): All chunks are saved
[20:55:13] [Server thread/INFO] (Minecraft) ThreadedAnvilChunkStorage: All dimensions are saved
