[15:56:56] [main/INFO] (FabricLoader/GameProvider) Loading Minecraft 1.20.1 with Fabric Loader 0.18.4
[15:56:56] [main/INFO] (FabricLoader) Loading 49 mods:
	- amethyst_applications 1.0.0
	- architectury 9.2.14
	- fabric-api 0.92.7+1.20.1
	- fabric-api-base 0.4.32+1802ada577
	- fabric-api-lookup-api-v1 1.6.37+1802ada577
	- fabric-biome-api-v1 13.0.15+93aa238b77
	- fabric-block-api-v1 1.0.12+1802ada577
	- fabric-block-view-api-v2 1.0.3+924f046a77
	- fabric-command-api-v1 1.2.35+f71b366f77
	- fabric-command-api-v2 2.2.14+1802ada577
	- fabric-commands-v0 0.2.52+df3654b377
	- fabric-containers-v0 0.1.67+df3654b377
	- fabric-content-registries-v0 4.0.13+1802ada577
	- fabric-convention-tags-v1 1.5.6+1802ada577
	- fabric-crash-report-info-v1 0.2.20+1802ada577
	- fabric-data-attachment-api-v1 1.0.2+de0fd6d177
	- fabric-data-generation-api-v1 12.3.7+1802ada577
	- fabric-dimensions-v1 2.1.55+1802ada577
	- fabric-entity-events-v1 1.6.1+1c78457f77
	- fabric-events-interaction-v0 0.6.5+13a40c6677
	- fabric-events-lifecycle-v0 0.2.64+df3654b377
	- fabric-game-rule-api-v1 1.0.41+1802ada577
	- fabric-gametest-api-v1 1.2.15+1802ada577
	- fabric-item-api-v1 2.1.29+1802ada577
	- fabric-item-group-api-v1 4.0.14+1802ada577
	- fabric-language-kotlin 1.13.8+kotlin.2.3.0
	- fabric-lifecycle-events-v1 2.2.23+1802ada577
	- fabric-loot-api-v2 1.2.3+1802ada577
	- fabric-loot-tables-v1 1.1.47+9e7660c677
	- fabric-message-api-v1 5.1.10+1802ada577
	- fabric-mining-level-api-v1 2.1.52+1802ada577
	- fabric-networking-api-v1 1.3.14+a158aa0477
	- fabric-networking-v0 0.3.54+df3654b377
	- fabric-object-builder-api-v1 11.1.5+e35120df77
	- fabric-particles-v1 1.1.3+1802ada577
	- fabric-recipe-api-v1 1.0.24+1802ada577
	- fabric-registry-sync-v0 2.3.6+1802ada577
	- fabric-rendering-data-attachment-v1 0.3.39+92a0d36777
	- fabric-rendering-fluids-v1 3.0.29+1802ada577
	- fabric-resource-conditions-api-v1 2.3.9+1802ada577
	- fabric-resource-loader-v0 0.11.12+fb82e9d777
	- fabric-screen-handler-api-v1 1.3.33+1802ada577
	- fabric-transfer-api-v1 3.3.6+8dd72ea377
	- fabric-transitive-access-wideners-v1 4.3.2+1802ada577
	- fabricloader 0.18.4
	- generated_e74d839 1.0.0
	- java 24
	- minecraft 1.20.1
	- mixinextras 0.5.0
[15:56:56] [main/INFO] (FabricLoader/Mixin) SpongePowered MIXIN Subsystem Version=0.8.7 Source=file:/Users/kasenengel/.gradle/caches/modules-2/files-2.1/net.fabricmc/sponge-mixin/0.17.0+mixin.0.8.7/cf31463202f72d03b0ef1e1e38e8ee71b7faaab6/sponge-mixin-0.17.0+mixin.0.8.7.jar Service=Knot/Fabric Env=SERVER
[15:56:56] [main/INFO] (FabricLoader/Mixin) Loaded Fabric development mappings for mixin remapper!
[15:56:56] [main/INFO] (FabricLoader/Mixin) Compatibility level set to JAVA_16
[15:56:56] [main/INFO] (FabricLoader/Mixin) Compatibility level set to JAVA_17
[15:56:56] [main/INFO] (FabricLoader/MixinExtras|Service) Initializing MixinExtras via com.llamalad7.mixinextras.service.MixinExtrasServiceImpl(version=0.5.0).
[15:56:56] [main/WARN] (SysctlUtil) Failed sysctl call: hw.cpufrequency, Error code: 2
[15:56:58] [main/INFO] (Main) Hello Amethyst (Fabric!) :) Loading things now...
[15:56:58] [main/INFO] (FabricDataGenHelper) Running data generator for amethyst_applications
[15:56:58] [main/INFO] (Datagen) Hello datagen! Generating data now..
[15:56:58] [main/INFO] (Minecraft) Starting provider: Amethyst Applications/Recipes
[15:56:58] [main/INFO] (Minecraft) Amethyst Applications/Recipes finished after 9 ms
[15:56:58] [main/INFO] (Minecraft) Starting provider: Amethyst Applications/Tags for minecraft:item
[15:56:58] [main/INFO] (Minecraft) Amethyst Applications/Tags for minecraft:item finished after 115 ms
[15:56:58] [main/INFO] (Minecraft) Starting provider: Amethyst Applications/Tags for minecraft:block
[15:56:58] [main/INFO] (Minecraft) Amethyst Applications/Tags for minecraft:block finished after 0 ms
[15:56:58] [main/INFO] (Minecraft) All providers took: 125 ms
[15:56:58] [main/INFO] (Minecraft) Caching: total files: 5, old count: 2, new count: 6, removed stale: 0, written: 3
